DEPRECATION WARNING: config.action_view.debug_rjs will be removed in 3.1, from 3.1 onwards you will need to install prototype-rails to continue to use RJS templates . (called from service at /Users/minh/.rvm/rubies/ruby-1.9.3-p362/lib/ruby/1.9.1/webrick/httpserver.rb:138)


Started GET "/" for 127.0.0.1 at 2013-01-15 20:52:36 -0800

PG::Error (FATAL:  database "dear_asshole_dev" does not exist
):
  

Rendered /Users/minh/.rvm/gems/ruby-1.9.3-p362/gems/actionpack-3.0.9/lib/action_dispatch/middleware/templates/rescues/_trace.erb (1.0ms)
Rendered /Users/minh/.rvm/gems/ruby-1.9.3-p362/gems/actionpack-3.0.9/lib/action_dispatch/middleware/templates/rescues/_request_and_response.erb (3.2ms)
Rendered /Users/minh/.rvm/gems/ruby-1.9.3-p362/gems/actionpack-3.0.9/lib/action_dispatch/middleware/templates/rescues/diagnostics.erb within rescues/layout (8.7ms)


Started GET "/" for 127.0.0.1 at 2013-01-15 21:40:02 -0800

PG::Error (FATAL:  database "dear_asshole_dev" does not exist
):
  

Rendered /Users/minh/.rvm/gems/ruby-1.9.3-p362/gems/actionpack-3.0.9/lib/action_dispatch/middleware/templates/rescues/_trace.erb (0.8ms)
Rendered /Users/minh/.rvm/gems/ruby-1.9.3-p362/gems/actionpack-3.0.9/lib/action_dispatch/middleware/templates/rescues/_request_and_response.erb (0.8ms)
Rendered /Users/minh/.rvm/gems/ruby-1.9.3-p362/gems/actionpack-3.0.9/lib/action_dispatch/middleware/templates/rescues/diagnostics.erb within rescues/layout (4.2ms)
DEPRECATION WARNING: config.action_view.debug_rjs will be removed in 3.1, from 3.1 onwards you will need to install prototype-rails to continue to use RJS templates . (called from service at /Users/minh/.rvm/rubies/ruby-1.9.3-p362/lib/ruby/1.9.1/webrick/httpserver.rb:138)


Started GET "/" for 127.0.0.1 at 2013-01-15 21:40:17 -0800
  [1m[36mSQL (0.5ms)[0m  [1mSHOW client_min_messages[0m
  [1m[35mSQL (0.1ms)[0m  SET client_min_messages TO 'panic'
  [1m[36mSQL (0.1ms)[0m  [1mSET standard_conforming_strings = on[0m
  [1m[35mSQL (0.2ms)[0m  SET client_min_messages TO 'notice'
  [1m[36mSQL (5.0ms)[0m  [1mSET time zone 'UTC'[0m
  [1m[35mSQL (0.1ms)[0m  SHOW TIME ZONE
  Processing by PostsController#new as HTML
Rendered posts/new.html.erb within layouts/application (3.9ms)
Completed 200 OK in 9ms (Views: 9.0ms | ActiveRecord: 6.0ms)


Started GET "/" for 127.0.0.1 at 2013-01-15 21:46:07 -0800
  Processing by PostsController#new as HTML
Rendered posts/new.html.erb within layouts/application (12.4ms)
Completed 200 OK in 16ms (Views: 15.5ms | ActiveRecord: 0.0ms)


Started GET "/" for 127.0.0.1 at 2013-01-15 21:46:22 -0800
  Processing by PostsController#new as HTML
Rendered posts/new.html.erb within layouts/application (12.4ms)
Completed 200 OK in 16ms (Views: 15.4ms | ActiveRecord: 0.0ms)


Started GET "/" for 127.0.0.1 at 2013-01-15 21:46:36 -0800
  Processing by PostsController#new as HTML
Rendered posts/new.html.erb within layouts/application (28.4ms)
Completed 200 OK in 32ms (Views: 31.5ms | ActiveRecord: 0.0ms)


Started GET "/" for 127.0.0.1 at 2013-01-15 21:50:37 -0800
  Processing by PostsController#new as HTML
Rendered posts/new.html.erb within layouts/application (12.0ms)
Completed 200 OK in 15ms (Views: 15.0ms | ActiveRecord: 0.0ms)


Started GET "/" for 127.0.0.1 at 2013-01-15 21:52:54 -0800
  Processing by PostsController#new as HTML
Rendered posts/new.html.erb within layouts/application (11.7ms)
Completed 200 OK in 15ms (Views: 14.9ms | ActiveRecord: 0.0ms)


Started GET "/" for 127.0.0.1 at 2013-01-15 21:55:10 -0800
  Processing by PostsController#new as HTML
Rendered posts/new.html.erb within layouts/application (42.3ms)
Completed 200 OK in 46ms (Views: 45.4ms | ActiveRecord: 0.0ms)


Started GET "/" for 127.0.0.1 at 2013-01-15 21:55:20 -0800
  Processing by PostsController#new as HTML
Rendered posts/new.html.erb within layouts/application (12.4ms)
Completed 200 OK in 16ms (Views: 15.4ms | ActiveRecord: 0.0ms)


Started GET "/" for 127.0.0.1 at 2013-01-15 21:55:27 -0800
  Processing by PostsController#new as HTML
Rendered posts/new.html.erb within layouts/application (11.9ms)
Completed 200 OK in 15ms (Views: 14.9ms | ActiveRecord: 0.0ms)


Started GET "/" for 127.0.0.1 at 2013-01-15 21:58:38 -0800
  Processing by PostsController#new as HTML
Rendered posts/new.html.erb within layouts/application (12.8ms)
Completed 200 OK in 16ms (Views: 15.8ms | ActiveRecord: 0.0ms)


Started GET "/" for 127.0.0.1 at 2013-01-15 21:59:06 -0800
  Processing by PostsController#new as HTML
Rendered posts/new.html.erb within layouts/application (12.2ms)
Completed 200 OK in 16ms (Views: 15.4ms | ActiveRecord: 0.0ms)


Started GET "/" for 127.0.0.1 at 2013-01-15 22:00:21 -0800
  Processing by PostsController#new as HTML
Rendered posts/new.html.erb within layouts/application (12.5ms)
Completed 200 OK in 16ms (Views: 15.5ms | ActiveRecord: 0.0ms)


Started GET "/" for 127.0.0.1 at 2013-01-15 22:00:40 -0800
  Processing by PostsController#new as HTML
Rendered posts/new.html.erb within layouts/application (12.2ms)
Completed 200 OK in 15ms (Views: 15.1ms | ActiveRecord: 0.0ms)


Started GET "/" for 127.0.0.1 at 2013-01-15 22:01:01 -0800
  Processing by PostsController#new as HTML
Rendered posts/new.html.erb within layouts/application (14.0ms)
Completed 200 OK in 17ms (Views: 17.0ms | ActiveRecord: 0.0ms)


Started GET "/" for 127.0.0.1 at 2013-01-15 22:01:20 -0800
  Processing by PostsController#new as HTML
Rendered posts/new.html.erb within layouts/application (15.5ms)
Completed 200 OK in 35ms (Views: 34.4ms | ActiveRecord: 0.0ms)


Started GET "/" for 127.0.0.1 at 2013-01-15 22:02:51 -0800
  Processing by PostsController#new as HTML
Rendered posts/new.html.erb within layouts/application (16.0ms)
Completed 200 OK in 19ms (Views: 19.1ms | ActiveRecord: 0.0ms)


Started GET "/" for 127.0.0.1 at 2013-01-15 22:05:35 -0800
  Processing by PostsController#new as HTML
Rendered posts/new.html.erb within layouts/application (11.8ms)
Completed 200 OK in 15ms (Views: 14.9ms | ActiveRecord: 0.0ms)


Started GET "/" for 127.0.0.1 at 2013-01-15 22:05:36 -0800
  Processing by PostsController#new as HTML
Rendered posts/new.html.erb within layouts/application (32.4ms)
Completed 200 OK in 37ms (Views: 37.1ms | ActiveRecord: 0.0ms)


Started GET "/" for 127.0.0.1 at 2013-01-15 22:06:49 -0800
  Processing by PostsController#new as HTML
Rendered posts/new.html.erb within layouts/application (14.4ms)
Completed 200 OK in 19ms (Views: 18.2ms | ActiveRecord: 0.0ms)


Started GET "/" for 127.0.0.1 at 2013-01-15 22:07:11 -0800
  Processing by PostsController#new as HTML
Rendered posts/new.html.erb within layouts/application (12.2ms)
Completed 200 OK in 15ms (Views: 15.2ms | ActiveRecord: 0.0ms)


Started GET "/" for 127.0.0.1 at 2013-01-15 22:07:18 -0800
  Processing by PostsController#new as HTML
Rendered posts/new.html.erb within layouts/application (31.2ms)
Completed 200 OK in 35ms (Views: 34.3ms | ActiveRecord: 0.0ms)


Started GET "/" for 127.0.0.1 at 2013-01-15 22:07:28 -0800
  Processing by PostsController#new as HTML
Rendered posts/new.html.erb within layouts/application (11.9ms)
Completed 200 OK in 15ms (Views: 14.8ms | ActiveRecord: 0.0ms)


Started GET "/" for 127.0.0.1 at 2013-01-15 22:07:31 -0800
  Processing by PostsController#new as HTML
Rendered posts/new.html.erb within layouts/application (12.1ms)
Completed 200 OK in 15ms (Views: 15.0ms | ActiveRecord: 0.0ms)


Started GET "/" for 127.0.0.1 at 2013-01-15 22:07:52 -0800
  Processing by PostsController#new as HTML
Rendered posts/new.html.erb within layouts/application (12.2ms)
Completed 200 OK in 16ms (Views: 15.6ms | ActiveRecord: 0.0ms)


Started GET "/" for 127.0.0.1 at 2013-01-15 22:24:51 -0800
  Processing by SelectionsController#index as HTML
Rendered selections/index.html.erb within layouts/application (2.7ms)
Completed 200 OK in 6ms (Views: 6.1ms | ActiveRecord: 0.0ms)


Started GET "/" for 127.0.0.1 at 2013-01-15 22:24:56 -0800
  Processing by SelectionsController#index as HTML
Rendered selections/index.html.erb within layouts/application (15.2ms)
Completed 200 OK in 19ms (Views: 18.7ms | ActiveRecord: 0.0ms)


Started GET "/" for 127.0.0.1 at 2013-01-15 22:25:12 -0800
  Processing by SelectionsController#index as HTML
Rendered selections/index.html.erb within layouts/application (29.2ms)
Completed 200 OK in 33ms (Views: 32.3ms | ActiveRecord: 0.0ms)


Started GET "/" for 127.0.0.1 at 2013-01-15 22:26:25 -0800
  Processing by SelectionsController#index as HTML
Rendered selections/index.html.erb within layouts/application (14.9ms)
Completed 200 OK in 20ms (Views: 19.3ms | ActiveRecord: 0.0ms)


Started GET "/" for 127.0.0.1 at 2013-01-15 22:28:15 -0800
  Processing by SelectionsController#index as HTML
Rendered selections/index.html.erb within layouts/application (11.5ms)
Completed 200 OK in 15ms (Views: 14.6ms | ActiveRecord: 0.0ms)


Started GET "/" for 127.0.0.1 at 2013-01-15 22:28:20 -0800
  Processing by SelectionsController#index as HTML
Rendered selections/index.html.erb within layouts/application (11.4ms)
Completed 200 OK in 15ms (Views: 14.4ms | ActiveRecord: 0.0ms)


Started GET "/" for 127.0.0.1 at 2013-01-15 22:28:26 -0800
  Processing by SelectionsController#index as HTML
Rendered selections/index.html.erb within layouts/application (12.6ms)
Completed 200 OK in 16ms (Views: 15.8ms | ActiveRecord: 0.0ms)


Started GET "/" for 127.0.0.1 at 2013-01-15 22:28:53 -0800
  Processing by SelectionsController#index as HTML
Rendered selections/index.html.erb within layouts/application (31.7ms)
Completed 200 OK in 35ms (Views: 35.1ms | ActiveRecord: 0.0ms)


Started GET "/" for 127.0.0.1 at 2013-01-15 22:31:24 -0800
  Processing by SelectionsController#index as HTML
Rendered selections/index.html.erb within layouts/application (13.1ms)
Completed 200 OK in 17ms (Views: 16.4ms | ActiveRecord: 0.0ms)


Started GET "/" for 127.0.0.1 at 2013-01-15 22:37:17 -0800
  Processing by SelectionsController#index as HTML
Rendered selections/index.html.erb within layouts/application (11.9ms)
Completed 200 OK in 15ms (Views: 15.0ms | ActiveRecord: 0.0ms)


Started GET "/" for 127.0.0.1 at 2013-01-15 22:41:00 -0800
  Processing by SelectionsController#index as HTML
Rendered selections/index.html.erb within layouts/application (15.2ms)
Completed 200 OK in 19ms (Views: 18.4ms | ActiveRecord: 0.0ms)


Started GET "/" for 127.0.0.1 at 2013-01-15 22:43:08 -0800
  Processing by SelectionsController#index as HTML
Rendered selections/index.html.erb within layouts/application (40.0ms)
Completed 200 OK in 43ms (Views: 43.0ms | ActiveRecord: 0.0ms)


Started GET "/" for 127.0.0.1 at 2013-01-15 22:43:34 -0800
  Processing by SelectionsController#index as HTML
Rendered selections/index.html.erb within layouts/application (11.9ms)
Completed 200 OK in 15ms (Views: 14.9ms | ActiveRecord: 0.0ms)


Started GET "/" for 127.0.0.1 at 2013-01-15 22:43:45 -0800
  Processing by SelectionsController#index as HTML
Rendered selections/index.html.erb within layouts/application (13.3ms)
Completed 200 OK in 17ms (Views: 16.7ms | ActiveRecord: 0.0ms)


Started GET "/" for 127.0.0.1 at 2013-01-15 22:44:15 -0800
  Processing by SelectionsController#index as HTML
Rendered selections/index.html.erb within layouts/application (14.3ms)
Completed 200 OK in 18ms (Views: 17.4ms | ActiveRecord: 0.0ms)


Started GET "/" for 127.0.0.1 at 2013-01-15 22:45:02 -0800
  Processing by SelectionsController#index as HTML
Rendered selections/index.html.erb within layouts/application (23.2ms)
Completed 200 OK in 26ms (Views: 26.2ms | ActiveRecord: 0.0ms)


Started GET "/" for 127.0.0.1 at 2013-01-15 22:46:06 -0800
  Processing by SelectionsController#index as HTML
Rendered selections/index.html.erb within layouts/application (12.2ms)
Completed 200 OK in 16ms (Views: 15.3ms | ActiveRecord: 0.0ms)


Started GET "/" for 127.0.0.1 at 2013-01-15 22:48:28 -0800
  Processing by SelectionsController#index as HTML
Rendered selections/index.html.erb within layouts/application (12.2ms)
Completed 200 OK in 16ms (Views: 15.3ms | ActiveRecord: 0.0ms)


Started GET "/" for 127.0.0.1 at 2013-01-15 22:50:01 -0800
  Processing by SelectionsController#index as HTML
Rendered selections/index.html.erb within layouts/application (40.3ms)
Completed 200 OK in 44ms (Views: 43.5ms | ActiveRecord: 0.0ms)


Started GET "/" for 127.0.0.1 at 2013-01-15 22:55:24 -0800
  Processing by SelectionsController#index as HTML
Rendered selections/index.html.erb within layouts/application (12.0ms)
Completed 200 OK in 15ms (Views: 15.1ms | ActiveRecord: 0.0ms)


Started GET "/" for 127.0.0.1 at 2013-01-15 23:04:23 -0800
  Processing by SelectionsController#index as HTML
Rendered selections/index.html.erb within layouts/application (12.2ms)
Completed 200 OK in 15ms (Views: 15.2ms | ActiveRecord: 0.0ms)


Started GET "/" for 127.0.0.1 at 2013-01-15 23:04:29 -0800
  Processing by SelectionsController#index as HTML
Rendered selections/index.html.erb within layouts/application (12.3ms)
Completed 200 OK in 16ms (Views: 15.3ms | ActiveRecord: 0.0ms)


Started GET "/" for 127.0.0.1 at 2013-01-15 23:05:02 -0800
  Processing by SelectionsController#index as HTML
Rendered selections/index.html.erb within layouts/application (45.1ms)
Completed 200 OK in 48ms (Views: 48.1ms | ActiveRecord: 0.0ms)


Started GET "/" for 127.0.0.1 at 2013-01-15 23:07:12 -0800
  Processing by SelectionsController#index as HTML
Rendered selections/index.html.erb within layouts/application (12.0ms)
Completed 200 OK in 15ms (Views: 15.0ms | ActiveRecord: 0.0ms)


Started GET "/" for 127.0.0.1 at 2013-01-15 23:08:17 -0800
  Processing by SelectionsController#index as HTML
Rendered selections/index.html.erb within layouts/application (11.9ms)
Completed 200 OK in 15ms (Views: 15.1ms | ActiveRecord: 0.0ms)
DEPRECATION WARNING: config.action_view.debug_rjs will be removed in 3.1, from 3.1 onwards you will need to install prototype-rails to continue to use RJS templates . (called from service at /Users/minh/.rvm/rubies/ruby-1.9.3-p362/lib/ruby/1.9.1/webrick/httpserver.rb:138)


Started GET "/" for 127.0.0.1 at 2013-01-16 21:50:29 -0800
  [1m[36mSQL (0.8ms)[0m  [1mSHOW client_min_messages[0m
  [1m[35mSQL (0.1ms)[0m  SET client_min_messages TO 'panic'
  [1m[36mSQL (0.1ms)[0m  [1mSET standard_conforming_strings = on[0m
  [1m[35mSQL (0.1ms)[0m  SET client_min_messages TO 'notice'
  [1m[36mSQL (0.9ms)[0m  [1mSET time zone 'UTC'[0m
  [1m[35mSQL (0.1ms)[0m  SHOW TIME ZONE
  Processing by SelectionsController#index as HTML
Rendered selections/index.html.erb within layouts/application (4.1ms)
Completed 200 OK in 8ms (Views: 7.9ms | ActiveRecord: 2.1ms)


Started GET "/" for 127.0.0.1 at 2013-01-16 22:14:17 -0800
  Processing by SelectionsController#index as HTML
Rendered selections/index.html.erb within layouts/application (27.4ms)
Completed 200 OK in 31ms (Views: 30.4ms | ActiveRecord: 0.0ms)


Started GET "/" for 127.0.0.1 at 2013-01-16 22:14:26 -0800
  Processing by SelectionsController#index as HTML
Rendered selections/index.html.erb within layouts/application (12.5ms)
Completed 200 OK in 16ms (Views: 15.6ms | ActiveRecord: 0.0ms)


Started GET "/" for 127.0.0.1 at 2013-01-16 22:15:03 -0800
  Processing by SelectionsController#index as HTML
Rendered selections/index.html.erb within layouts/application (13.0ms)
Completed 200 OK in 16ms (Views: 16.2ms | ActiveRecord: 0.0ms)


Started GET "/" for 127.0.0.1 at 2013-01-16 22:15:16 -0800
  Processing by SelectionsController#index as HTML
Rendered selections/index.html.erb within layouts/application (28.5ms)
Completed 200 OK in 32ms (Views: 31.5ms | ActiveRecord: 0.0ms)


Started GET "/" for 127.0.0.1 at 2013-01-16 22:16:52 -0800
  Processing by SelectionsController#index as HTML
Rendered selections/index.html.erb within layouts/application (12.2ms)
Completed 200 OK in 15ms (Views: 15.1ms | ActiveRecord: 0.0ms)


Started GET "/" for 127.0.0.1 at 2013-01-16 22:16:58 -0800
  Processing by SelectionsController#index as HTML
Rendered selections/index.html.erb within layouts/application (12.5ms)
Completed 200 OK in 16ms (Views: 15.7ms | ActiveRecord: 0.0ms)


Started GET "/" for 127.0.0.1 at 2013-01-16 22:20:45 -0800
  Processing by SelectionsController#index as HTML
Rendered selections/index.html.erb within layouts/application (12.3ms)
Completed 200 OK in 16ms (Views: 16.1ms | ActiveRecord: 0.0ms)


Started GET "/" for 127.0.0.1 at 2013-01-16 22:22:29 -0800
  Processing by SelectionsController#index as HTML
Rendered selections/index.html.erb within layouts/application (28.4ms)
Completed 200 OK in 32ms (Views: 31.5ms | ActiveRecord: 0.0ms)


Started GET "/" for 127.0.0.1 at 2013-01-16 22:23:12 -0800
  Processing by SelectionsController#index as HTML
Rendered selections/index.html.erb within layouts/application (11.7ms)
Completed 200 OK in 15ms (Views: 14.7ms | ActiveRecord: 0.0ms)


Started GET "/" for 127.0.0.1 at 2013-01-16 22:23:20 -0800
  Processing by SelectionsController#index as HTML
Rendered selections/index.html.erb within layouts/application (12.0ms)
Completed 200 OK in 15ms (Views: 15.0ms | ActiveRecord: 0.0ms)


Started GET "/" for 127.0.0.1 at 2013-01-16 22:23:23 -0800
  Processing by SelectionsController#index as HTML
Rendered selections/index.html.erb within layouts/application (12.0ms)
Completed 200 OK in 15ms (Views: 15.0ms | ActiveRecord: 0.0ms)


Started GET "/" for 127.0.0.1 at 2013-01-16 22:23:31 -0800
  Processing by SelectionsController#index as HTML
Rendered selections/index.html.erb within layouts/application (40.3ms)
Completed 200 OK in 44ms (Views: 43.3ms | ActiveRecord: 0.0ms)


Started GET "/" for 127.0.0.1 at 2013-01-16 22:23:49 -0800
  Processing by SelectionsController#index as HTML
Rendered selections/index.html.erb within layouts/application (15.0ms)
Completed 200 OK in 19ms (Views: 18.6ms | ActiveRecord: 0.0ms)


Started GET "/" for 127.0.0.1 at 2013-01-16 22:23:56 -0800
  Processing by SelectionsController#index as HTML
Rendered selections/index.html.erb within layouts/application (12.1ms)
Completed 200 OK in 15ms (Views: 15.2ms | ActiveRecord: 0.0ms)


Started GET "/" for 127.0.0.1 at 2013-01-16 22:24:48 -0800
  Processing by SelectionsController#index as HTML
Rendered selections/index.html.erb within layouts/application (11.9ms)
Completed 200 OK in 15ms (Views: 14.9ms | ActiveRecord: 0.0ms)


Started GET "/" for 127.0.0.1 at 2013-01-16 22:25:16 -0800
  Processing by SelectionsController#index as HTML
Rendered selections/index.html.erb within layouts/application (39.1ms)
Completed 200 OK in 43ms (Views: 42.3ms | ActiveRecord: 0.0ms)


Started GET "/" for 127.0.0.1 at 2013-01-16 22:25:28 -0800
  Processing by SelectionsController#index as HTML
Rendered selections/index.html.erb within layouts/application (11.8ms)
Completed 200 OK in 15ms (Views: 14.9ms | ActiveRecord: 0.0ms)


Started GET "/" for 127.0.0.1 at 2013-01-16 22:25:37 -0800
  Processing by SelectionsController#index as HTML
Rendered selections/index.html.erb within layouts/application (11.9ms)
Completed 200 OK in 15ms (Views: 15.0ms | ActiveRecord: 0.0ms)


Started GET "/" for 127.0.0.1 at 2013-01-16 22:28:58 -0800
  Processing by SelectionsController#index as HTML
Rendered selections/index.html.erb within layouts/application (29.9ms)
Completed 200 OK in 34ms (Views: 34.0ms | ActiveRecord: 0.0ms)


Started GET "/" for 127.0.0.1 at 2013-01-16 22:31:16 -0800
  Processing by SelectionsController#index as HTML
Rendered selections/index.html.erb within layouts/application (13.0ms)
Completed 200 OK in 17ms (Views: 16.9ms | ActiveRecord: 0.0ms)


Started GET "/" for 127.0.0.1 at 2013-01-16 22:31:29 -0800
  Processing by SelectionsController#index as HTML
Rendered selections/index.html.erb within layouts/application (12.1ms)
Completed 200 OK in 16ms (Views: 15.5ms | ActiveRecord: 0.0ms)


Started GET "/" for 127.0.0.1 at 2013-01-16 22:31:52 -0800
  Processing by SelectionsController#index as HTML
Rendered selections/index.html.erb within layouts/application (12.5ms)
Completed 200 OK in 17ms (Views: 17.0ms | ActiveRecord: 0.0ms)


Started GET "/" for 127.0.0.1 at 2013-01-16 22:32:27 -0800
  Processing by SelectionsController#index as HTML
Rendered selections/index.html.erb within layouts/application (42.5ms)
Completed 200 OK in 47ms (Views: 46.3ms | ActiveRecord: 0.0ms)


Started GET "/" for 127.0.0.1 at 2013-01-16 22:33:08 -0800
  Processing by SelectionsController#index as HTML
Rendered selections/index.html.erb within layouts/application (12.0ms)
Completed 200 OK in 16ms (Views: 15.4ms | ActiveRecord: 0.0ms)


Started GET "/" for 127.0.0.1 at 2013-01-16 22:33:22 -0800
  Processing by SelectionsController#index as HTML
Rendered selections/index.html.erb within layouts/application (11.9ms)
Completed 200 OK in 15ms (Views: 14.9ms | ActiveRecord: 0.0ms)


Started GET "/" for 127.0.0.1 at 2013-01-16 22:36:25 -0800
  Processing by SelectionsController#index as HTML
Rendered selections/index.html.erb within layouts/application (12.8ms)
Completed 200 OK in 16ms (Views: 16.1ms | ActiveRecord: 0.0ms)


Started GET "/" for 127.0.0.1 at 2013-01-16 22:36:35 -0800
  Processing by SelectionsController#index as HTML
Rendered selections/index.html.erb within layouts/application (44.8ms)
Completed 200 OK in 48ms (Views: 47.8ms | ActiveRecord: 0.0ms)


Started GET "/" for 127.0.0.1 at 2013-01-16 22:37:31 -0800
  Processing by SelectionsController#index as HTML
Rendered selections/index.html.erb within layouts/application (15.9ms)
Completed 200 OK in 21ms (Views: 20.6ms | ActiveRecord: 0.0ms)


Started GET "/" for 127.0.0.1 at 2013-01-16 22:38:57 -0800
  Processing by SelectionsController#index as HTML
Rendered selections/index.html.erb within layouts/application (12.2ms)
Completed 200 OK in 17ms (Views: 16.2ms | ActiveRecord: 0.0ms)


Started GET "/" for 127.0.0.1 at 2013-01-16 22:39:21 -0800
  Processing by SelectionsController#index as HTML
Rendered selections/index.html.erb within layouts/application (11.9ms)
Completed 200 OK in 15ms (Views: 15.0ms | ActiveRecord: 0.0ms)


Started GET "/" for 127.0.0.1 at 2013-01-16 22:39:33 -0800
  Processing by SelectionsController#index as HTML
Rendered selections/index.html.erb within layouts/application (23.2ms)
Completed 200 OK in 27ms (Views: 26.4ms | ActiveRecord: 0.0ms)


Started GET "/" for 127.0.0.1 at 2013-01-16 22:39:46 -0800
  Processing by SelectionsController#index as HTML
Rendered selections/index.html.erb within layouts/application (12.3ms)
Completed 200 OK in 16ms (Views: 15.5ms | ActiveRecord: 0.0ms)


Started GET "/" for 127.0.0.1 at 2013-01-16 22:39:51 -0800
  Processing by SelectionsController#index as HTML
Rendered selections/index.html.erb within layouts/application (12.1ms)
Completed 200 OK in 16ms (Views: 15.3ms | ActiveRecord: 0.0ms)


Started GET "/" for 127.0.0.1 at 2013-01-16 22:40:01 -0800
  Processing by SelectionsController#index as HTML
Rendered selections/index.html.erb within layouts/application (41.2ms)
Completed 200 OK in 45ms (Views: 44.4ms | ActiveRecord: 0.0ms)


Started GET "/" for 127.0.0.1 at 2013-01-16 22:40:10 -0800
  Processing by SelectionsController#index as HTML
Rendered selections/index.html.erb within layouts/application (12.5ms)
Completed 200 OK in 16ms (Views: 15.5ms | ActiveRecord: 0.0ms)


Started GET "/" for 127.0.0.1 at 2013-01-16 22:41:26 -0800
  Processing by SelectionsController#index as HTML
Rendered selections/index.html.erb within layouts/application (13.4ms)
Completed 200 OK in 17ms (Views: 16.5ms | ActiveRecord: 0.0ms)


Started GET "/" for 127.0.0.1 at 2013-01-16 22:41:41 -0800
  Processing by SelectionsController#index as HTML
Rendered selections/index.html.erb within layouts/application (12.2ms)
Completed 200 OK in 16ms (Views: 15.3ms | ActiveRecord: 0.0ms)


Started GET "/" for 127.0.0.1 at 2013-01-16 22:42:58 -0800
  Processing by SelectionsController#index as HTML
Rendered selections/index.html.erb within layouts/application (40.7ms)
Completed 200 OK in 44ms (Views: 44.0ms | ActiveRecord: 0.0ms)


Started GET "/" for 127.0.0.1 at 2013-01-16 22:43:23 -0800
  Processing by SelectionsController#index as HTML
Rendered selections/index.html.erb within layouts/application (12.4ms)
Completed 200 OK in 16ms (Views: 15.6ms | ActiveRecord: 0.0ms)


Started GET "/" for 127.0.0.1 at 2013-01-16 22:43:36 -0800
  Processing by SelectionsController#index as HTML
Rendered selections/index.html.erb within layouts/application (12.4ms)
Completed 200 OK in 16ms (Views: 15.6ms | ActiveRecord: 0.0ms)


Started GET "/" for 127.0.0.1 at 2013-01-16 22:43:52 -0800
  Processing by SelectionsController#index as HTML
Rendered selections/index.html.erb within layouts/application (29.1ms)
Completed 200 OK in 33ms (Views: 32.3ms | ActiveRecord: 0.0ms)


Started GET "/" for 127.0.0.1 at 2013-01-16 22:44:33 -0800
  Processing by SelectionsController#index as HTML
Rendered selections/index.html.erb within layouts/application (12.2ms)
Completed 200 OK in 16ms (Views: 15.2ms | ActiveRecord: 0.0ms)


Started GET "/" for 127.0.0.1 at 2013-01-16 22:44:59 -0800
  Processing by SelectionsController#index as HTML
Rendered selections/index.html.erb within layouts/application (16.3ms)
Completed 200 OK in 20ms (Views: 19.7ms | ActiveRecord: 0.0ms)


Started GET "/" for 127.0.0.1 at 2013-01-16 22:46:52 -0800
  Processing by SelectionsController#index as HTML
Rendered selections/index.html.erb within layouts/application (12.2ms)
Completed 200 OK in 16ms (Views: 16.1ms | ActiveRecord: 0.0ms)


Started GET "/" for 127.0.0.1 at 2013-01-16 22:48:06 -0800
  Processing by SelectionsController#index as HTML
Rendered selections/index.html.erb within layouts/application (42.3ms)
Completed 200 OK in 48ms (Views: 47.6ms | ActiveRecord: 0.0ms)


Started GET "/" for 127.0.0.1 at 2013-01-16 22:48:30 -0800
  Processing by SelectionsController#index as HTML
Rendered selections/index.html.erb within layouts/application (12.2ms)
Completed 200 OK in 15ms (Views: 15.2ms | ActiveRecord: 0.0ms)


Started GET "/" for 127.0.0.1 at 2013-01-16 22:49:31 -0800
  Processing by SelectionsController#index as HTML
Rendered selections/index.html.erb within layouts/application (12.2ms)
Completed 200 OK in 16ms (Views: 15.3ms | ActiveRecord: 0.0ms)


Started GET "/" for 127.0.0.1 at 2013-01-16 22:53:50 -0800
  Processing by SelectionsController#index as HTML
Rendered selections/index.html.erb within layouts/application (12.0ms)
Completed 200 OK in 15ms (Views: 15.1ms | ActiveRecord: 0.0ms)


Started GET "/" for 127.0.0.1 at 2013-01-16 22:55:29 -0800
  Processing by SelectionsController#index as HTML
Rendered selections/index.html.erb within layouts/application (12.3ms)
Completed 200 OK in 17ms (Views: 17.0ms | ActiveRecord: 0.0ms)


Started GET "/" for 127.0.0.1 at 2013-01-16 22:57:07 -0800
  Processing by SelectionsController#index as HTML
Rendered selections/index.html.erb within layouts/application (13.4ms)
Completed 200 OK in 18ms (Views: 17.7ms | ActiveRecord: 0.0ms)


Started GET "/" for 127.0.0.1 at 2013-01-16 22:58:25 -0800
  Processing by SelectionsController#index as HTML
Rendered selections/index.html.erb within layouts/application (40.8ms)
Completed 200 OK in 44ms (Views: 44.0ms | ActiveRecord: 0.0ms)


Started GET "/" for 127.0.0.1 at 2013-01-16 22:58:34 -0800
  Processing by SelectionsController#index as HTML
Rendered selections/index.html.erb within layouts/application (15.1ms)
Completed 200 OK in 19ms (Views: 18.8ms | ActiveRecord: 0.0ms)


Started GET "/" for 127.0.0.1 at 2013-01-16 22:58:44 -0800
  Processing by SelectionsController#index as HTML
Rendered selections/index.html.erb within layouts/application (12.2ms)
Completed 200 OK in 16ms (Views: 15.4ms | ActiveRecord: 0.0ms)


Started GET "/" for 127.0.0.1 at 2013-01-16 23:00:24 -0800
  Processing by SelectionsController#index as HTML
Rendered selections/index.html.erb within layouts/application (33.1ms)
Completed 200 OK in 37ms (Views: 37.2ms | ActiveRecord: 0.0ms)


Started GET "/" for 127.0.0.1 at 2013-01-16 23:01:09 -0800
  Processing by SelectionsController#index as HTML
Rendered selections/index.html.erb within layouts/application (12.2ms)
Completed 200 OK in 16ms (Views: 16.2ms | ActiveRecord: 0.0ms)


Started GET "/" for 127.0.0.1 at 2013-01-16 23:01:17 -0800
  Processing by SelectionsController#index as HTML
Rendered selections/index.html.erb within layouts/application (12.1ms)
Completed 200 OK in 15ms (Views: 15.2ms | ActiveRecord: 0.0ms)


Started GET "/" for 127.0.0.1 at 2013-01-16 23:03:45 -0800
  Processing by SelectionsController#index as HTML
Rendered selections/index.html.erb within layouts/application (12.5ms)
Completed 200 OK in 17ms (Views: 16.3ms | ActiveRecord: 0.0ms)


Started GET "/" for 127.0.0.1 at 2013-01-16 23:03:58 -0800
  Processing by SelectionsController#index as HTML
Rendered selections/index.html.erb within layouts/application (31.0ms)
Completed 200 OK in 34ms (Views: 34.2ms | ActiveRecord: 0.0ms)


Started GET "/" for 127.0.0.1 at 2013-01-16 23:21:10 -0800
  Processing by SelectionsController#index as HTML
Rendered selections/index.html.erb within layouts/application (12.8ms)
Completed 200 OK in 16ms (Views: 16.0ms | ActiveRecord: 0.0ms)
